<?xml version="1.0" encoding="UTF-8"?>
<!-- Generated by org.testng.reporters.JUnitXMLReporter -->
<testsuite ignored="2" hostname="DESKTOP-390DHBP" failures="0" tests="11" name="Test1" time="29.386" errors="0" timestamp="2023-01-17T10:40:03 IST">
  <testcase classname="dashboard.AllVehiclesTest" name="TC_allVehiclesColor" time="0.547"/>
  <testcase classname="dashboard.AllVehiclesTest" name="TC_allVehiclesCount" time="0.407"/>
  <testcase classname="dashboard.AllVehiclesTest" name="TC_allVehiclesPercent" time="0.365"/>
  <testcase classname="dashboard.AllVehiclesTest" name="TC_allVehiclesicon" time="0.12"/>
  <testcase classname="dashboard.MovingVehicleTest" name="TC_movingVehicleColor" time="0.577"/>
  <testcase classname="dashboard.MovingVehicleTest" name="TC_movingVehicleCount" time="0.265"/>
  <testcase classname="dashboard.MovingVehicleTest" name="TC_movingVehiclePercent" time="0.047"/>
  <testcase classname="dashboard.MovingVehicleTest" name="TC_movingVehicleicon" time="0.008"/>
  <testcase classname="dashboard.AllVehiclesTest" name="TC_allVehiclesViewDetails" time="0.381"/>
  <testcase classname="dashboard.MovingVehicleTest" name="TC_movingVehicleViewDetails" time="0.441"/>
  <testcase classname="dashboard.AllVehiclesTest" name="TC_allVehiclesViewonMap" time="2.595"/>
  <testcase classname="com.qa.Base.TestBase" name="@BeforeSuite configPropReader" time="0.0">
    <ignored/>
  </testcase> <!-- @BeforeSuite configPropReader -->
  <testcase classname="com.qa.Base.TestBase" name="@AfterSuite StopRecord" time="0.0">
    <ignored/>
  </testcase> <!-- @AfterSuite StopRecord -->
</testsuite> <!-- Test1 -->
