<?xml version="1.0" encoding="UTF-8"?>
<!-- Generated by org.testng.reporters.JUnitReportReporter -->
<testsuite hostname="DESKTOP-390DHBP" failures="0" tests="21" name="activitySummary.ActivitySummaryFieldsTest" time="15.485" errors="0" timestamp="2023-02-27T11:39:44 IST" skipped="0">
  <testcase classname="activitySummary.ActivitySummaryFieldsTest" name="TC_activitySummaryUserPlaceholder" time="0.160"/>
  <system-out>
    <![CDATA[<b>User Name*</b> text is displayed in the Activity Summary User field]]>
  </system-out>
  <testcase classname="activitySummary.ActivitySummaryFieldsTest" name="TC_activitySummarySearchPlaceholder" time="0.200"/>
  <system-out>
    <![CDATA[<b>Type to search...</b> text is displayed in the Search field placeholder]]>
  </system-out>
  <testcase classname="activitySummary.ActivitySummaryFieldsTest" name="TC_activitySummaryTooltipText" time="2.216"/>
  <system-out>
    <![CDATA[Mouse hovered over the element Video Status
Tooltip text for the Video Status is: <b>Activity Summary
The tooltip text appears correctly]]>
  </system-out>
  <testcase classname="activitySummary.ActivitySummaryFieldsTest" name="TC_activitySummaryPageTitle" time="0.536"/>
  <system-out>
    <![CDATA[Verifying Video Status page title
Not able to retrieve Page Title]]>
  </system-out>
  <testcase classname="activitySummary.ActivitySummaryFieldsTest" name="TC_activitySummaryVehiclePlaceholder" time="0.160"/>
  <system-out>
    <![CDATA[<b>Vehicle Number*</b> text is displayed in the Activity Summary Vehicle field]]>
  </system-out>
  <testcase classname="activitySummary.ActivitySummaryFieldsTest" name="TC_activitySummaryEmptyUserName" time="0.130"/>
  <system-out>
    <![CDATA[<span style='color:red'>Required</span> error message is displayed]]>
  </system-out>
  <testcase classname="activitySummary.ActivitySummaryFieldsTest" name="TC_activitySummaryEmptyDate" time="0.130"/>
  <system-out>
    <![CDATA[<span style='color:red'>Required</span> error message is displayed]]>
  </system-out>
  <testcase classname="activitySummary.ActivitySummaryFieldsTest" name="TC_activitySummaryClientPlaceholder" time="0.157"/>
  <system-out>
    <![CDATA[<b>Client Name*</b> text is displayed in the Activity Summary Client field]]>
  </system-out>
  <testcase classname="activitySummary.ActivitySummaryFieldsTest" name="TC_activitySummaryEmptyVehicleNumber" time="0.114"/>
  <system-out>
    <![CDATA[<span style='color:red'>Required</span> error message is displayed]]>
  </system-out>
  <testcase classname="activitySummary.ActivitySummaryFieldsTest" name="TC_activitySummaryGenerateReportText" time="0.115"/>
  <system-out>
    <![CDATA[<b>Generate Report</b> text is displayed in the Generate Report button]]>
  </system-out>
  <testcase classname="activitySummary.ActivitySummaryFieldsTest" name="TC_activitySummaryPageUrl" time="0.013"/>
  <system-out>
    <![CDATA[Verifying Activity Summary page URL
Page URL is <b>https://uyenotest.infotracktelematics.com/reports]]>
  </system-out>
  <testcase classname="activitySummary.ActivitySummaryFieldsTest" name="TC_activitySummaryDatepickerList" time="0.320"/>
  <system-out>
    <![CDATA[The dropdown list in the datepicker includes the following: 
[Previous Day, Last 2 Days, Custom Date]]]>
  </system-out>
  <testcase classname="activitySummary.ActivitySummaryFieldsTest" name="TC_activitySummaryEmptyClientName" time="0.430"/>
  <system-out>
    <![CDATA[<span style='color:red'>Required</span> error message is displayed]]>
  </system-out>
  <testcase classname="activitySummary.ActivitySummaryFieldsTest" name="TC_activitySummaryVehicleNoError" time="0.428"/>
  <system-out>
    <![CDATA[Verifying Error Message in Vehicle Number
Invalid Vehicle Number is entered: <b>abcdef
<b>No records to display</b> error message is displayed]]>
  </system-out>
  <testcase classname="activitySummary.ActivitySummaryFieldsTest" name="TC_activitySummaryClientNameError" time="0.448"/>
  <system-out>
    <![CDATA[Verifying Error Message in Client Name
Invalid Client Name is entered: <b>abcdef
<b>No records to display</b> error message is displayed]]>
  </system-out>
  <testcase classname="activitySummary.ActivitySummaryFieldsTest" name="TC_activitySummaryGenerateReport" time="4.097"/>
  <system-out/>
  <testcase classname="activitySummary.ActivitySummaryFieldsTest" name="TC_activitySummaryTable" time="5.087"/>
  <system-out>
    <![CDATA[The table is not displayed and a report needs to be generated to display the table]]>
  </system-out>
  <testcase classname="activitySummary.ActivitySummaryFieldsTest" name="TC_activitySummaryDatePlaceholder" time="0.126"/>
  <system-out>
    <![CDATA[<b>Select Date*</b> text is displayed in the Activity Summary Datepicker field]]>
  </system-out>
  <testcase classname="activitySummary.ActivitySummaryFieldsTest" name="TC_activitySummaryPageHeader" time="0.154"/>
  <system-out>
    <![CDATA[<b>Activity Summary</b> Page Header name is displayed]]>
  </system-out>
  <testcase classname="activitySummary.ActivitySummaryFieldsTest" name="TC_activitySummaryUserNameError" time="0.330"/>
  <system-out>
    <![CDATA[Verifying Error Message in User Name
Invalid User Name is entered: <b>abcdef
<b>No records to display</b> error message is displayed]]>
  </system-out>
  <testcase classname="activitySummary.ActivitySummaryFieldsTest" name="TC_activitySummaryCopyrightText" time="0.134"/>
  <system-out>
    <![CDATA[A copyright text is displayed on the page
<b>Copyright © 2023 Mobile Create Co.Ltd.
All rights reserved.]]>
  </system-out>
</testsuite> <!-- activitySummary.ActivitySummaryFieldsTest -->
