<?xml version="1.0" encoding="UTF-8"?>
<!-- Generated by org.testng.reporters.JUnitReportReporter -->
<testsuite hostname="DESKTOP-390DHBP" failures="0" tests="23" name="videoStatus.VideoStatusFieldsTest" time="15.639" errors="0" timestamp="2023-02-24T20:54:40 IST" skipped="0">
  <testcase classname="videoStatus.VideoStatusFieldsTest" name="TC_videoStatusDatePlaceholder" time="0.112"/>
  <system-out>
    <![CDATA[Browser: <span style='color:teal'>chrome
Language: <span style='color:teal'>english
Login Role: <span style='color:teal'>super admin
TC_videoStatusDatePlaceholder Testcase execution Started
<em><b>"This method verifies Video Status Datepicker placeholder text"
<b>Select Date*</b> text is displayed in the Video Status Datepicker field
TC_videoStatusDatePlaceholder Testcase execution Completed]]>
  </system-out>
  <testcase classname="videoStatus.VideoStatusFieldsTest" name="TC_videoStatusEmptyVehicleNumber" time="0.124"/>
  <system-out>
    <![CDATA[Browser: <span style='color:teal'>chrome
Language: <span style='color:teal'>english
Login Role: <span style='color:teal'>super admin
TC_videoStatusEmptyVehicleNumber Testcase execution Started
<em><b>"This method validates error message for empty Vehicle Number in the Video Status report"
<span style='color:red'>Required</span> error message is displayed
TC_videoStatusEmptyVehicleNumber Testcase execution Completed]]>
  </system-out>
  <testcase classname="videoStatus.VideoStatusFieldsTest" name="TC_videoStatusEmptyUserName" time="0.115"/>
  <system-out>
    <![CDATA[Browser: <span style='color:teal'>chrome
Language: <span style='color:teal'>english
Login Role: <span style='color:teal'>super admin
TC_videoStatusEmptyUserName Testcase execution Started
<em><b>"This method validates error message for empty User Name in the Video Status report"
<span style='color:red'>Required</span> error message is displayed
TC_videoStatusEmptyUserName Testcase execution Completed]]>
  </system-out>
  <testcase classname="videoStatus.VideoStatusFieldsTest" name="TC_videoStatusCopyrightText" time="0.113"/>
  <system-out>
    <![CDATA[Browser: <span style='color:teal'>chrome
Language: <span style='color:teal'>english
Login Role: <span style='color:teal'>super admin
TC_videoStatusCopyrightText Testcase execution Started
<em><b>"This method validates Copyright text is displayed in the Video Status report"
A copyright text is displayed on the page
<b>Copyright © 2023 Mobile Create Co.Ltd.
All rights reserved.
TC_videoStatusCopyrightText Testcase execution Completed]]>
  </system-out>
  <testcase classname="videoStatus.VideoStatusFieldsTest" name="TC_videoStatusEmptyDate" time="0.111"/>
  <system-out>
    <![CDATA[Browser: <span style='color:teal'>chrome
Language: <span style='color:teal'>english
Login Role: <span style='color:teal'>super admin
TC_videoStatusEmptyDate Testcase execution Started
<em><b>"This method validates error message for empty Date in the Video Status report"
<span style='color:red'>Required</span> error message is displayed
TC_videoStatusEmptyDate Testcase execution Completed]]>
  </system-out>
  <testcase classname="videoStatus.VideoStatusFieldsTest" name="TC_videoStatusEmptyClientName" time="0.429"/>
  <system-out>
    <![CDATA[Browser: <span style='color:teal'>chrome
Language: <span style='color:teal'>english
Login Role: <span style='color:teal'>super admin
TC_videoStatusEmptyClientName Testcase execution Started
<em><b>"This method validates error message for empty Client Name in the Video Status report"
<span style='color:red'>Required</span> error message is displayed
TC_videoStatusEmptyClientName Testcase execution Completed]]>
  </system-out>
  <testcase classname="videoStatus.VideoStatusFieldsTest" name="TC_videoStatusUserNameError" time="0.336"/>
  <system-out>
    <![CDATA[Browser: <span style='color:teal'>chrome
Language: <span style='color:teal'>english
Login Role: <span style='color:teal'>super admin
TC_videoStatusUserNameError Testcase execution Started
<em><b>"This method validates error message for invalid User Name in the Video Status report"
Verifying Error Message in User Name
Invalid User Name is entered: <b>abcdef
<b>No records to display</b> error message is displayed
TC_videoStatusUserNameError Testcase execution Completed]]>
  </system-out>
  <testcase classname="videoStatus.VideoStatusFieldsTest" name="TC_videoStatusUserPlaceholder" time="0.154"/>
  <system-out>
    <![CDATA[Browser: <span style='color:teal'>chrome
Language: <span style='color:teal'>english
Login Role: <span style='color:teal'>super admin
TC_videoStatusUserPlaceholder Testcase execution Started
<em><b>"This method verifies Video Status User Name placeholder text"
<b>User Name*</b> text is displayed in the Video Status User field
TC_videoStatusUserPlaceholder Testcase execution Completed]]>
  </system-out>
  <testcase classname="videoStatus.VideoStatusFieldsTest" name="TC_videoStatusPageUrl" time="0.015"/>
  <system-out>
    <![CDATA[Browser: <span style='color:teal'>chrome
Language: <span style='color:teal'>english
Login Role: <span style='color:teal'>super admin
TC_videoStatusPageUrl Testcase execution Started
<em><b>"This method verifies Video Status Page URL"
Verifying Video Status page URL
Page URL is <b>https://uyenotest.infotracktelematics.com/reports
TC_videoStatusPageUrl Testcase execution Completed]]>
  </system-out>
  <testcase classname="videoStatus.VideoStatusFieldsTest" name="TC_videoStatusLogo" time="0.016"/>
  <system-out>
    <![CDATA[Browser: <span style='color:teal'>chrome
Language: <span style='color:teal'>english
Login Role: <span style='color:teal'>super admin
TC_videoStatusLogo Testcase execution Started
<em><b>"This method verifies Video Status Page Logo"
Video Status Logo is displayed
TC_videoStatusLogo Testcase execution Completed]]>
  </system-out>
  <testcase classname="videoStatus.VideoStatusFieldsTest" name="TC_videoStatusGenerateReportText" time="0.353"/>
  <system-out>
    <![CDATA[Browser: <span style='color:teal'>chrome
Language: <span style='color:teal'>english
Login Role: <span style='color:teal'>super admin
TC_videoStatusGenerateReportText Testcase execution Started
<em><b>"This method verifies Video Status Generate Report button text"
<b>Generate Report</b> text is displayed in the Generate Report button
TC_videoStatusGenerateReportText Testcase execution Completed]]>
  </system-out>
  <testcase classname="videoStatus.VideoStatusFieldsTest" name="TC_videoStatusGenerateReportLogo" time="0.008"/>
  <system-out>
    <![CDATA[Browser: <span style='color:teal'>chrome
Language: <span style='color:teal'>english
Login Role: <span style='color:teal'>super admin
TC_videoStatusGenerateReportLogo Testcase execution Started
<em><b>"This method verifies Video Status Generate Report Logo"
Video Status Logo is displayed
TC_videoStatusGenerateReportLogo Testcase execution Completed]]>
  </system-out>
  <testcase classname="videoStatus.VideoStatusFieldsTest" name="TC_videoStatusClientPlaceholder" time="0.173"/>
  <system-out>
    <![CDATA[Browser: <span style='color:teal'>chrome
Language: <span style='color:teal'>english
Login Role: <span style='color:teal'>super admin
TC_videoStatusClientPlaceholder Testcase execution Started
<em><b>"This method verifies Video Status Client Name placeholder text"
<b>Client Name*</b> text is displayed in the Video Status Client field
TC_videoStatusClientPlaceholder Testcase execution Completed]]>
  </system-out>
  <testcase classname="videoStatus.VideoStatusFieldsTest" name="TC_videoStatusTooltipText" time="2.177"/>
  <system-out>
    <![CDATA[Browser: <span style='color:teal'>chrome
Language: <span style='color:teal'>english
Login Role: <span style='color:teal'>super admin
TC_videoStatusTooltipText Testcase execution Started
<em><b>"This method verifies Video Status tooltip text"
Mouse hovered over the element Video Status
Tooltip text for the Video Status is: <b>Video Status
The tooltip text appears correctly
TC_videoStatusTooltipText Testcase execution Completed]]>
  </system-out>
  <testcase classname="videoStatus.VideoStatusFieldsTest" name="TC_videoStatusPageHeader" time="0.161"/>
  <system-out>
    <![CDATA[Browser: <span style='color:teal'>chrome
Language: <span style='color:teal'>english
Login Role: <span style='color:teal'>super admin
TC_videoStatusPageHeader Testcase execution Started
<em><b>"This method verifies Video Status Page Header"
<b>Video Status</b> Page Header name is displayed
TC_videoStatusPageHeader Testcase execution Completed]]>
  </system-out>
  <testcase classname="videoStatus.VideoStatusFieldsTest" name="TC_videoStatusVehicleNoError" time="0.482"/>
  <system-out>
    <![CDATA[Browser: <span style='color:teal'>chrome
Language: <span style='color:teal'>english
Login Role: <span style='color:teal'>super admin
TC_videoStatusVehicleNoError Testcase execution Started
<em><b>"This method validates error message for invalid Vehicle Number in the Video Status report"
Verifying Error Message in Vehicle Number
Invalid Vehicle Number is entered: <b>abcdef
<b>No records to display</b> error message is displayed
TC_videoStatusVehicleNoError Testcase execution Completed]]>
  </system-out>
  <testcase classname="videoStatus.VideoStatusFieldsTest" name="TC_videoStatusPageTitle" time="0.520"/>
  <system-out>
    <![CDATA[Browser: <span style='color:teal'>chrome
Language: <span style='color:teal'>english
Login Role: <span style='color:teal'>super admin
TC_videoStatusPageTitle Testcase execution Started
<em><b>"This method verifies Video Status Page Title"
Verifying Video Status page title
Page Title is <b>FMS - Video Status Report
TC_videoStatusPageTitle Testcase execution Completed]]>
  </system-out>
  <testcase classname="videoStatus.VideoStatusFieldsTest" name="TC_videoStatusGenerateReport" time="4.130"/>
  <system-out>
    <![CDATA[Browser: <span style='color:teal'>chrome
Language: <span style='color:teal'>english
Login Role: <span style='color:teal'>super admin
TC_videoStatusGenerateReport Testcase execution Started
<em><b>"This method validates Video Status report generation"
TC_videoStatusGenerateReport Testcase execution Completed]]>
  </system-out>
  <testcase classname="videoStatus.VideoStatusFieldsTest" name="TC_videoStatusSearchPlaceholder" time="0.234"/>
  <system-out>
    <![CDATA[Browser: <span style='color:teal'>chrome
Language: <span style='color:teal'>english
Login Role: <span style='color:teal'>super admin
TC_videoStatusSearchPlaceholder Testcase execution Started
<em><b>"This method validates Search field placeholder text in the Video Status report"
<b>Type to search...</b> text is displayed in the Search field placeholder
TC_videoStatusSearchPlaceholder Testcase execution Completed]]>
  </system-out>
  <testcase classname="videoStatus.VideoStatusFieldsTest" name="TC_videoStatusClientNameError" time="0.382"/>
  <system-out>
    <![CDATA[Browser: <span style='color:teal'>chrome
Language: <span style='color:teal'>english
Login Role: <span style='color:teal'>super admin
TC_videoStatusClientNameError Testcase execution Started
<em><b>"This method validates error message for invalid Client Name in the Video Status report"
Verifying Error Message in Client Name
Invalid Client Name is entered: <b>abcdef
<b>No records to display</b> error message is displayed
TC_videoStatusClientNameError Testcase execution Completed]]>
  </system-out>
  <testcase classname="videoStatus.VideoStatusFieldsTest" name="TC_videoStatusTable" time="5.062"/>
  <system-out>
    <![CDATA[Browser: <span style='color:teal'>chrome
Language: <span style='color:teal'>english
Login Role: <span style='color:teal'>super admin
TC_videoStatusTable Testcase execution Started
<em><b>"This method verifies Video Status report table is displayed"
The table is not displayed and a report needs to be generated to display the table
TC_videoStatusTable Testcase execution Completed]]>
  </system-out>
  <testcase classname="videoStatus.VideoStatusFieldsTest" name="TC_videoStatusVehiclePlaceholder" time="0.172"/>
  <system-out>
    <![CDATA[Browser: <span style='color:teal'>chrome
Language: <span style='color:teal'>english
Login Role: <span style='color:teal'>super admin
TC_videoStatusVehiclePlaceholder Testcase execution Started
<em><b>"This method verifies Video Status Vehicle field placeholder text"
<b>Vehicle Number*</b> text is displayed in the Video Status Vehicle field
TC_videoStatusVehiclePlaceholder Testcase execution Completed]]>
  </system-out>
  <testcase classname="videoStatus.VideoStatusFieldsTest" name="TC_videoStatusDatepickerList" time="0.260"/>
  <system-out>
    <![CDATA[Browser: <span style='color:teal'>chrome
Language: <span style='color:teal'>english
Login Role: <span style='color:teal'>super admin
TC_videoStatusDatepickerList Testcase execution Started
<em><b>"This method fetches Video Status Datepicker list"
The dropdown list in the datepicker includes the following: 
[Previous Day, Last 2 Days, Custom Date]
TC_videoStatusDatepickerList Testcase execution Completed]]>
  </system-out>
</testsuite> <!-- videoStatus.VideoStatusFieldsTest -->
