<?xml version="1.0" encoding="UTF-8"?>
<!-- Generated by org.testng.reporters.JUnitReportReporter -->
<testsuite hostname="DESKTOP-390DHBP" failures="0" tests="10" name="login.PasswordFieldTest" time="17.531" errors="0" timestamp="2023-02-21T11:15:43 IST" skipped="0">
  <testcase classname="login.PasswordFieldTest" name="TC_passwordEyeIconEnable" time="0.280"/>
  <system-out>
    <![CDATA[Browser: <span style='color:teal'>chrome
Language: <span style='color:teal'>english
Login Role: <span style='color:teal'>super admin
TC_passwordEyeIconEnable Testcase execution Started
em><b>"This method verifies entered Password is displayed in encrypted format by default in Login screen"
Performed click action on Password field
Entered text <b>"InfoAdmin"</b> in the Password field
Performed click action on Eye icon field
The password is displayed by default in encrypted format
TC_passwordEyeIconEnable Testcase execution Completed]]>
  </system-out>
  <testcase classname="login.PasswordFieldTest" name="TC_passwordSpace" time="0.248"/>
  <system-out>
    <![CDATA[Browser: <span style='color:teal'>chrome
Language: <span style='color:teal'>english
Login Role: <span style='color:teal'>super admin
TC_passwordSpace Testcase execution Started
<em><b>"This method verifies Login screen Password field by entering Spaces"
Performed click action on Password field
Entered text <b>""</b> in the Password field
Performed click action on Login button field
<span style='color:red'>Required</span> error message is displayed
TC_passwordSpace Testcase execution Completed]]>
  </system-out>
  <testcase classname="login.PasswordFieldTest" name="TC_passwordNumeric" time="5.238"/>
  <system-out>
    <![CDATA[Browser: <span style='color:teal'>chrome
Language: <span style='color:teal'>english
Login Role: <span style='color:teal'>super admin
TC_passwordNumeric Testcase execution Started
<em><b>"This method verifies Login screen Password field for the Numeric characters"
Performed click action on Password field
Entered text <b>"123456"</b> in the Password field
Performed click action on Login button field
Numeric characters are allowed in the password text field
TC_passwordNumeric Testcase execution Completed]]>
  </system-out>
  <testcase classname="login.PasswordFieldTest" name="TC_passwordSpecialChar" time="5.288"/>
  <system-out>
    <![CDATA[Browser: <span style='color:teal'>chrome
Language: <span style='color:teal'>english
Login Role: <span style='color:teal'>super admin
TC_passwordSpecialChar Testcase execution Started
<em><b>"This method verifies Login screen Password field for the Special characters"
Performed click action on Password field
Entered text <b>"!@*$%^"</b> in the Password field
Performed click action on Login button field
Special characters are allowed in the password text field
TC_passwordSpecialChar Testcase execution Completed]]>
  </system-out>
  <testcase classname="login.PasswordFieldTest" name="TC_passwordMinimumLength" time="0.223"/>
  <system-out>
    <![CDATA[Browser: <span style='color:teal'>chrome
Language: <span style='color:teal'>english
Login Role: <span style='color:teal'>super admin
TC_passwordMinimumLength Testcase execution Started
<em><b>"This method verifies Login screen Password field for the minimum character length"
Performed click action on Password field
Entered text <b>"inf"</b> in the Password field
Performed click action on Login button field
<span style='color:red'>Password must be greater than 5 characters</span> error message is displayed
TC_passwordMinimumLength Testcase execution Completed]]>
  </system-out>
  <testcase classname="login.PasswordFieldTest" name="TC_passwordAlpha" time="5.334"/>
  <system-out>
    <![CDATA[Browser: <span style='color:teal'>chrome
Language: <span style='color:teal'>english
Login Role: <span style='color:teal'>super admin
TC_passwordAlpha Testcase execution Started
<em><b>"This method verifies Login screen Password field for the Alphabetic characters"
Performed click action on Password field
Entered text <b>"InfoAdmin"</b> in the Password field
Performed click action on Login button field
Alpha characters are allowed in the password text field
TC_passwordAlpha Testcase execution Completed]]>
  </system-out>
  <testcase classname="login.PasswordFieldTest" name="TC_passwordPlaceholderText" time="0.021"/>
  <system-out>
    <![CDATA[Browser: <span style='color:teal'>chrome
Language: <span style='color:teal'>english
Login Role: <span style='color:teal'>super admin
TC_passwordPlaceholderText Testcase execution Started
<em><b>"This method verifies password field Placeholder text"
<b>Password*</b> Password field placeholder text is not displayed
TC_passwordPlaceholderText Testcase execution Completed]]>
  </system-out>
  <testcase classname="login.PasswordFieldTest" name="TC_passwordMaximumLength" time="0.300"/>
  <system-out>
    <![CDATA[Browser: <span style='color:teal'>chrome
Language: <span style='color:teal'>english
Login Role: <span style='color:teal'>super admin
TC_passwordMaximumLength Testcase execution Started
<em><b>"This method verifies Login screen Password field for the maximum character length"
Performed click action on Password field
Entered text <b>"1234567890123456"</b> in the Password field
Performed click action on Login button field
<span style='color:red'>Password must be less than 16 characters</span> error message is displayed
TC_passwordMaximumLength Testcase execution Completed]]>
  </system-out>
  <testcase classname="login.PasswordFieldTest" name="TC_passwordEmpty" time="0.260"/>
  <system-out>
    <![CDATA[Browser: <span style='color:teal'>chrome
Language: <span style='color:teal'>english
Login Role: <span style='color:teal'>super admin
TC_passwordEmpty Testcase execution Started
<em><b>"This method verifies error message for the empty Password in the Login screen"
Performed click action on Password field
Entered text <b>""</b> in the Password field
Performed click action on Login button field
<span style='color:red'>Required</span> error message is displayed
TC_passwordEmpty Testcase execution Completed]]>
  </system-out>
  <testcase classname="login.PasswordFieldTest" name="TC_passwordEyeIconDisable" time="0.339"/>
  <system-out>
    <![CDATA[Browser: <span style='color:teal'>chrome
Language: <span style='color:teal'>english
Login Role: <span style='color:teal'>super admin
TC_passwordEyeIconDisable Testcase execution Started
<em><b>"This method verifies entered Password is displayed in Plain text format on disabling View icon in Login screen"
Performed click action on Password field
Entered text <b>"InfoAdmin"</b> in the Password field
Performed click action on Eye icon field
Password is displayed in plain text in the password field
TC_passwordEyeIconDisable Testcase execution Completed]]>
  </system-out>
</testsuite> <!-- login.PasswordFieldTest -->
